<?xml version="1.0" encoding="UTF-8"?>
<testng-results ignored="0" total="1" passed="1" failed="0" skipped="0">
  <reporter-output>
  </reporter-output>
  <suite started-at="2023-02-08T21:38:55 PST" name="Default suite" finished-at="2023-02-08T21:38:55 PST" duration-ms="142">
    <groups>
    </groups>
    <test started-at="2023-02-08T21:38:55 PST" name="Default test" finished-at="2023-02-08T21:38:55 PST" duration-ms="142">
      <class name="BasicTestScript.ToSendAMailAndVerify">
        <test-method signature="sendAMailAndVerify()[pri:0, instance:BasicTestScript.ToSendAMailAndVerify@5223e5ee]" started-at="2023-02-08T21:38:55 PST" name="sendAMailAndVerify" finished-at="2023-02-08T21:38:55 PST" duration-ms="45" status="PASS">
          <reporter-output>
          </reporter-output>
        </test-method> <!-- sendAMailAndVerify -->
      </class> <!-- BasicTestScript.ToSendAMailAndVerify -->
    </test> <!-- Default test -->
  </suite> <!-- Default suite -->
</testng-results>
